<?xml version="1.0" encoding="UTF-8"?>
<testsuite xmlns:xsi="http://www.w3.org/2001/XMLSchema-instance" xsi:noNamespaceSchemaLocation="https://maven.apache.org/surefire/maven-surefire-plugin/xsd/surefire-test-report.xsd" version="3.0.2" name="com.example.pafbackend.PafBackendApplicationTests" time="2.152" tests="1" errors="0" skipped="0" failures="0">
  <properties>
[...]
</properties>
  <testcase name="contextLoads" classname="com.example.pafbackend.PafBackendApplicationTests" time="0.363">
    <system-out><![CDATA[14:41:39.581 [main] INFO org.springframework.test.context.support.AnnotationConfigContextLoaderUtils -- Could not detect default configuration classes for test class [com.example.pafbackend.PafBackendApplicationTests]: PafBackendApplicationTests does not declare any static, non-private, non-final, nested classes annotated with @Configuration.
14:41:39.625 [main] INFO org.springframework.boot.test.context.SpringBootTestContextBootstrapper -- Found @SpringBootConfiguration com.example.pafbackend.PafBackendApplication for test class com.example.pafbackend.PafBackendApplicationTests

  .   ____          _            __ _ _
 /\\ / ___'_ __ _ _(_)_ __  __ _ \ \ \ \
( ( )\___ | '_ | '_| | '_ \/ _` | \ \ \ \
 \\/  ___)| |_)| | | | | || (_| |  ) ) ) )
  '  |____| .__|_| |_|_| |_\__, | / / / /
 =========|_|==============|___/=/_/_/_/

 :: Spring Boot ::                (v3.4.5)

2025-05-17T14:41:39.800+05:30  INFO 7509 --- [PafBackend] [           main] c.e.p.PafBackendApplicationTests         : Starting PafBackendApplicationTests using Java 17.0.12 with PID 7509 (started by ranidupromod in /Users/ranidupromod/Downloads/paf 2-2 6/PafBackend)
2025-05-17T14:41:39.800+05:30  INFO 7509 --- [PafBackend] [           main] c.e.p.PafBackendApplicationTests         : The following 1 profile is active: "dev"
2025-05-17T14:41:39.812+05:30 DEBUG 7509 --- [PafBackend] [           main] o.s.w.c.s.GenericWebApplicationContext   : Refreshing org.springframework.web.context.support.GenericWebApplicationContext@6826c41e
2025-05-17T14:41:40.052+05:30  INFO 7509 --- [PafBackend] [           main] .s.d.r.c.RepositoryConfigurationDelegate : Bootstrapping Spring Data MongoDB repositories in DEFAULT mode.
2025-05-17T14:41:40.077+05:30  INFO 7509 --- [PafBackend] [           main] .s.d.r.c.RepositoryConfigurationDelegate : Finished Spring Data repository scanning in 22 ms. Found 12 MongoDB repository interfaces.
2025-05-17T14:41:40.479+05:30  INFO 7509 --- [PafBackend] [0rg.mongodb.net] org.mongodb.driver.cluster               : Adding discovered server ac-dbwj46r-shard-00-02.6f2l0rg.mongodb.net:27017 to client view of cluster
2025-05-17T14:41:40.483+05:30  INFO 7509 --- [PafBackend] [           main] org.mongodb.driver.client                : MongoClient with metadata {"application": {"name": "cooking-app-cluster"}, "driver": {"name": "mongo-java-driver|sync|spring-boot", "version": "5.2.1"}, "os": {"type": "Darwin", "name": "Mac OS X", "architecture": "aarch64", "version": "15.4.1"}, "platform": "Java/Oracle Corporation/17.0.12+8-LTS-286"} created with settings MongoClientSettings{readPreference=primary, writeConcern=WriteConcern{w=majority, wTimeout=null ms, journal=null}, retryWrites=true, retryReads=true, readConcern=ReadConcern{level=null}, credential=MongoCredential{mechanism=null, userName='cooking-app-user', source='admin', password=<hidden>, mechanismProperties=<hidden>}, transportSettings=null, commandListeners=[io.micrometer.core.instrument.binder.mongodb.MongoMetricsCommandListener@633ddc0c], codecRegistry=ProvidersCodecRegistry{codecProviders=[ValueCodecProvider{}, BsonValueCodecProvider{}, DBRefCodecProvider{}, DBObjectCodecProvider{}, DocumentCodecProvider{}, CollectionCodecProvider{}, IterableCodecProvider{}, MapCodecProvider{}, GeoJsonCodecProvider{}, GridFSFileCodecProvider{}, Jsr310CodecProvider{}, JsonObjectCodecProvider{}, BsonCodecProvider{}, EnumCodecProvider{}, com.mongodb.client.model.mql.ExpressionCodecProvider@4bcdd11, com.mongodb.Jep395RecordCodecProvider@1471b98d, com.mongodb.KotlinCodecProvider@5514579e]}, loggerSettings=LoggerSettings{maxDocumentLength=1000}, clusterSettings={hosts=[127.0.0.1:27017], srvHost=cooking-app-cluster.6f2l0rg.mongodb.net, srvServiceName=mongodb, mode=MULTIPLE, requiredClusterType=REPLICA_SET, requiredReplicaSetName='atlas-8k1nl7-shard-0', serverSelector='null', clusterListeners='[]', serverSelectionTimeout='30000 ms', localThreshold='15 ms'}, socketSettings=SocketSettings{connectTimeoutMS=10000, readTimeoutMS=0, receiveBufferSize=0, proxySettings=ProxySettings{host=null, port=null, username=null, password=null}}, heartbeatSocketSettings=SocketSettings{connectTimeoutMS=10000, readTimeoutMS=10000, receiveBufferSize=0, proxySettings=ProxySettings{host=null, port=null, username=null, password=null}}, connectionPoolSettings=ConnectionPoolSettings{maxSize=100, minSize=0, maxWaitTimeMS=120000, maxConnectionLifeTimeMS=0, maxConnectionIdleTimeMS=0, maintenanceInitialDelayMS=0, maintenanceFrequencyMS=60000, connectionPoolListeners=[io.micrometer.core.instrument.binder.mongodb.MongoMetricsConnectionPoolListener@58c42c8c], maxConnecting=2}, serverSettings=ServerSettings{heartbeatFrequencyMS=10000, minHeartbeatFrequencyMS=500, serverMonitoringMode=AUTO, serverListeners='[]', serverMonitorListeners='[]'}, sslSettings=SslSettings{enabled=true, invalidHostNameAllowed=false, context=null}, applicationName='cooking-app-cluster', compressorList=[], uuidRepresentation=JAVA_LEGACY, serverApi=null, autoEncryptionSettings=null, dnsClient=null, inetAddressResolver=null, contextProvider=null, timeoutMS=null}
2025-05-17T14:41:40.490+05:30  INFO 7509 --- [PafBackend] [0rg.mongodb.net] org.mongodb.driver.cluster               : Adding discovered server ac-dbwj46r-shard-00-01.6f2l0rg.mongodb.net:27017 to client view of cluster
2025-05-17T14:41:40.492+05:30  INFO 7509 --- [PafBackend] [0rg.mongodb.net] org.mongodb.driver.cluster               : Adding discovered server ac-dbwj46r-shard-00-00.6f2l0rg.mongodb.net:27017 to client view of cluster
2025-05-17T14:41:40.667+05:30  INFO 7509 --- [PafBackend] [           main] com.example.pafbackend.config.KeyUtils   : loading keys from file: access-refresh-token-keys/access-token.pub, access-refresh-token-keys/access-token.key
2025-05-17T14:41:40.675+05:30  INFO 7509 --- [PafBackend] [           main] com.example.pafbackend.config.KeyUtils   : loading keys from file: access-refresh-token-keys/refresh-token.pub, access-refresh-token-keys/refresh-token.key
2025-05-17T14:41:40.680+05:30  INFO 7509 --- [PafBackend] [           main] c.e.pafbackend.config.SecurityConfig     : ===== dao authentication provider called
2025-05-17T14:41:40.822+05:30  INFO 7509 --- [PafBackend] [           main] eAuthenticationProviderManagerConfigurer : Found 2 AuthenticationProvider beans, with names [jwtRefreshTokenAuthProvider, daoAuthenticationProvider]. Global Authentication Manager will not be configured with AuthenticationProviders. Consider publishing a single AuthenticationProvider bean, or wiring your Providers directly using the DSL.
2025-05-17T14:41:40.823+05:30  INFO 7509 --- [PafBackend] [           main] r$InitializeUserDetailsManagerConfigurer : Global AuthenticationManager configured with UserDetailsService bean with name mongoUserDetailsManager
Configuring CORS mappings...
CORS mappings configured
2025-05-17T14:41:40.891+05:30 TRACE 7509 --- [PafBackend] [           main] s.w.s.m.m.a.RequestMappingHandlerMapping : 
	c.e.p.c.AuthController:
	{POST [/api/auth/login]}: login(LoginRequest)
	{POST [/api/auth/register]}: register(RegisterRequest)
2025-05-17T14:41:40.894+05:30 TRACE 7509 --- [PafBackend] [           main] s.w.s.m.m.a.RequestMappingHandlerMapping : 
	c.e.p.c.BookmarkController:
	{GET [/api/bookmarks/{userId}]}: getUserBookmarks(String)
	{GET [/api/bookmarks/resource/{resourceId}]}: getBookmarksByResourceId(String)
	{GET [/api/bookmarks/tags/{tag}]}: getBookmarksByTag(String)
	{POST [/api/bookmarks]}: createBookmark(Bookmark)
	{PUT [/api/bookmarks/{id}]}: updateBookmark(String,Bookmark)
	{DELETE [/api/bookmarks/{id}]}: deleteBookmark(String)
	{DELETE [/api/bookmarks/user/{userId}/resource/{resourceId}]}: deleteBookmarkByUserAndResource(String,String)
	{GET [/api/bookmarks/check]}: checkBookmarkExists(String,String)
2025-05-17T14:41:40.896+05:30 TRACE 7509 --- [PafBackend] [           main] s.w.s.m.m.a.RequestMappingHandlerMapping : 
	c.e.p.c.CommentController:
	{POST [/api/comments/{postId}]}: createComment(String,Comment)
	{GET [/api/comments/post/{postId}]}: getCommentsByPost(String)
	{DELETE [/api/comments/{id}]}: deleteComment(String)
	{PUT [/api/comments/{id}]}: updateComment(String,Comment)
2025-05-17T14:41:40.896+05:30 TRACE 7509 --- [PafBackend] [           main] s.w.s.m.m.a.RequestMappingHandlerMapping : 
	c.e.p.c.FileUploadController:
	{POST [/api/upload]}: uploadFile(MultipartFile)
	{GET [/api/uploads/{filename:.+}]}: serveFile(String,String)
	{GET [/api/test]}: testEndpoint()
2025-05-17T14:41:40.898+05:30 TRACE 7509 --- [PafBackend] [           main] s.w.s.m.m.a.RequestMappingHandlerMapping : 
	c.e.p.c.GroupController:
	{GET [/api/groups]}: getAllGroups()
	{GET [/api/groups/public]}: getPublicGroups()
	{GET [/api/groups/{id}]}: getGroupById(String)
	{GET [/api/groups/creator/{userId}]}: getGroupsByCreator(String)
	{GET [/api/groups/member/{userId}]}: getGroupsByMember(String)
	{PUT [/api/groups/{id}]}: updateGroup(String,Group)
	{PUT [/api/groups/{id}/members]}: updateGroupMembers(String,List)
	{PUT [/api/groups/{id}/admins]}: updateGroupAdmins(String,List)
	{DELETE [/api/groups/{id}]}: deleteGroup(String)
	{POST [/api/groups]}: createGroup(Group)
2025-05-17T14:41:40.899+05:30 TRACE 7509 --- [PafBackend] [           main] s.w.s.m.m.a.RequestMappingHandlerMapping : 
	c.e.p.c.GroupPostController:
	{GET [/api/group-posts/group/{groupId}]}: getPostsByGroupId(String)
	{POST [/api/group-posts]}: createPost(GroupPost)
	{PUT [/api/group-posts/{id}]}: updatePost(String,GroupPost)
	{DELETE [/api/group-posts/{id}]}: deletePost(String)
2025-05-17T14:41:40.899+05:30 TRACE 7509 --- [PafBackend] [           main] s.w.s.m.m.a.RequestMappingHandlerMapping : 
	c.e.p.c.LikeController:
	{GET [/api/likes/{postId}]}: getLikesByPostId(String)
	{POST [/api/likes]}: createLike(Like)
	{DELETE [/api/likes/{likeId}]}: deleteLike(String)
2025-05-17T14:41:40.900+05:30 TRACE 7509 --- [PafBackend] [           main] s.w.s.m.m.a.RequestMappingHandlerMapping : 
	c.e.p.c.MediaController:
	{POST [/api/media/upload]}: uploadFile(MultipartFile)
	{GET [/api/media/api/uploads/{filename:.+}]}: serveFile(String,String)
	{POST [/api/media/external]}: saveExternalMedia(Map)
2025-05-17T14:41:40.901+05:30 TRACE 7509 --- [PafBackend] [           main] s.w.s.m.m.a.RequestMappingHandlerMapping : 
	c.e.p.c.NotificationController:
	{GET [/api/notifications/user/{userId}]}: getUserNotifications(String)
	{GET [/api/notifications/unread/{userId}]}: getUnreadNotifications(String)
	{POST [/api/notifications]}: createNotification(Notification)
	{PUT [/api/notifications/{id}/read]}: markAsRead(String)
	{PUT [/api/notifications/read-all/{userId}]}: markAllAsRead(String)
	{DELETE [/api/notifications/{id}]}: deleteNotification(String)
2025-05-17T14:41:40.901+05:30 TRACE 7509 --- [PafBackend] [           main] s.w.s.m.m.a.RequestMappingHandlerMapping : 
	c.e.p.c.PostController:
	{POST [/api/posts]}: createPost(Post)
	{PUT [/api/posts/{postId}]}: updatePost(String,Post,String)
	{DELETE [/api/posts/{postId}]}: deletePost(String,String)
	{GET [/api/posts]}: getPosts()
	{GET [/api/posts/{userId}]}: getPostsByUserId(String)
	{GET [/api/posts/cuisine/{cuisineType}]}: getPostsByCuisineType(String)
	{GET [/api/posts/post/{postId}]}: getPostById(String)
2025-05-17T14:41:40.902+05:30 TRACE 7509 --- [PafBackend] [           main] s.w.s.m.m.a.RequestMappingHandlerMapping : 
	c.e.p.c.StoryStatusUpdateController:
	{GET [/api/workoutStatusUpdates/{userId}]}: getUpdatesByUserId(String)
	{GET [/api/workoutStatusUpdates]}: getUpdatesByUserId()
	{POST [/api/workoutStatusUpdates]}: createUpdate(StoryStatusUpdate)
	{DELETE [/api/workoutStatusUpdates/{updateId}]}: deleteUpdate(String)
	{PUT [/api/workoutStatusUpdates/{updateId}]}: updateUpdate(String,StoryStatusUpdate)
2025-05-17T14:41:40.903+05:30 TRACE 7509 --- [PafBackend] [           main] s.w.s.m.m.a.RequestMappingHandlerMapping : 
	c.e.p.c.UserConnectionController:
	{GET [/api/userConnections/{userId}]}: getUserConnections(String)
	{POST [/api/userConnections]}: createUserConnection(UserConnection)
	{DELETE [/api/userConnections/{userId}/friends/{friendId}]}: unfriend(String,String)
2025-05-17T14:41:40.903+05:30 TRACE 7509 --- [PafBackend] [           main] s.w.s.m.m.a.RequestMappingHandlerMapping : 
	c.e.p.c.UserController:
	{GET [/api/users/{id}]}: getUserById(String)
2025-05-17T14:41:40.904+05:30 TRACE 7509 --- [PafBackend] [           main] s.w.s.m.m.a.RequestMappingHandlerMapping : 
	c.e.p.c.UserProfileController:
	{POST [/api/userProfiles]}: createUserProfile(UserProfile)
	{GET [/api/userProfiles]}: getAllUserProfiles()
	{GET [/api/userProfiles/{id}]}: getUserProfileById(String)
	{GET [/api/userProfiles/user/{userId}]}: getUserProfileByUserId(String)
	{PUT [/api/userProfiles/{id}]}: updateUserProfile(String,UserProfile)
	{DELETE [/api/userProfiles/{id}]}: deleteUserProfile(String)
2025-05-17T14:41:40.906+05:30 TRACE 7509 --- [PafBackend] [           main] s.w.s.m.m.a.RequestMappingHandlerMapping : 
	o.s.b.a.w.s.e.BasicErrorController:
	{ [/error], produces [text/html]}: errorHtml(HttpServletRequest,HttpServletResponse)
	{ [/error]}: error(HttpServletRequest)
2025-05-17T14:41:40.908+05:30 DEBUG 7509 --- [PafBackend] [           main] s.w.s.m.m.a.RequestMappingHandlerMapping : 67 mappings in 'requestMappingHandlerMapping'
Configuring resource handler for uploads directory: /Users/ranidupromod/Downloads/paf 2-2 6/PafBackend/uploads
Resource handler configured successfully
2025-05-17T14:41:40.968+05:30 DEBUG 7509 --- [PafBackend] [           main] o.s.w.s.handler.SimpleUrlHandlerMapping  : Patterns [/webjars/**, /**, /api/uploads/**] in 'resourceHandlerMapping'
2025-05-17T14:41:41.016+05:30  INFO 7509 --- [PafBackend] [           main] o.s.b.a.e.web.EndpointLinksResolver      : Exposing 1 endpoint beneath base path '/actuator'
2025-05-17T14:41:41.098+05:30 DEBUG 7509 --- [PafBackend] [           main] o.s.s.web.DefaultSecurityFilterChain     : Will secure any request with filters: DisableEncodeUrlFilter, WebAsyncManagerIntegrationFilter, SecurityContextHolderFilter, HeaderWriterFilter, CorsFilter, CorsFilter, LogoutFilter, OAuth2AuthorizationRequestRedirectFilter, OAuth2LoginAuthenticationFilter, DefaultResourcesFilter, DefaultLoginPageGeneratingFilter, DefaultLogoutPageGeneratingFilter, BearerTokenAuthenticationFilter, RequestCacheAwareFilter, SecurityContextHolderAwareRequestFilter, AnonymousAuthenticationFilter, SessionManagementFilter, ExceptionTranslationFilter, AuthorizationFilter
2025-05-17T14:41:41.101+05:30  INFO 7509 --- [PafBackend] [ngodb.net:27017] org.mongodb.driver.cluster               : Monitor thread successfully connected to server with description ServerDescription{address=ac-dbwj46r-shard-00-01.6f2l0rg.mongodb.net:27017, type=REPLICA_SET_PRIMARY, cryptd=false, state=CONNECTED, ok=true, minWireVersion=0, maxWireVersion=25, maxDocumentSize=16777216, logicalSessionTimeoutMinutes=30, roundTripTimeNanos=385981041, minRoundTripTimeNanos=0, setName='atlas-8k1nl7-shard-0', canonicalAddress=ac-dbwj46r-shard-00-01.6f2l0rg.mongodb.net:27017, hosts=[ac-dbwj46r-shard-00-01.6f2l0rg.mongodb.net:27017, ac-dbwj46r-shard-00-02.6f2l0rg.mongodb.net:27017, ac-dbwj46r-shard-00-00.6f2l0rg.mongodb.net:27017], passives=[], arbiters=[], primary='ac-dbwj46r-shard-00-01.6f2l0rg.mongodb.net:27017', tagSet=TagSet{[Tag{name='availabilityZone', value='aps1-az3'}, Tag{name='diskState', value='READY'}, Tag{name='nodeType', value='ELECTABLE'}, Tag{name='provider', value='AWS'}, Tag{name='region', value='AP_SOUTH_1'}, Tag{name='workloadType', value='OPERATIONAL'}]}, electionId=7fffffff0000000000000027, setVersion=1, topologyVersion=TopologyVersion{processId=68272ffc935fbdf53775f77b, counter=6}, lastWriteDate=Sat May 17 14:41:41 IST 2025, lastUpdateTimeNanos=446521357397625}
2025-05-17T14:41:41.101+05:30  INFO 7509 --- [PafBackend] [ngodb.net:27017] org.mongodb.driver.cluster               : Monitor thread successfully connected to server with description ServerDescription{address=ac-dbwj46r-shard-00-00.6f2l0rg.mongodb.net:27017, type=REPLICA_SET_SECONDARY, cryptd=false, state=CONNECTED, ok=true, minWireVersion=0, maxWireVersion=25, maxDocumentSize=16777216, logicalSessionTimeoutMinutes=30, roundTripTimeNanos=390700000, minRoundTripTimeNanos=0, setName='atlas-8k1nl7-shard-0', canonicalAddress=ac-dbwj46r-shard-00-00.6f2l0rg.mongodb.net:27017, hosts=[ac-dbwj46r-shard-00-01.6f2l0rg.mongodb.net:27017, ac-dbwj46r-shard-00-02.6f2l0rg.mongodb.net:27017, ac-dbwj46r-shard-00-00.6f2l0rg.mongodb.net:27017], passives=[], arbiters=[], primary='ac-dbwj46r-shard-00-01.6f2l0rg.mongodb.net:27017', tagSet=TagSet{[Tag{name='availabilityZone', value='aps1-az1'}, Tag{name='diskState', value='READY'}, Tag{name='nodeType', value='ELECTABLE'}, Tag{name='provider', value='AWS'}, Tag{name='region', value='AP_SOUTH_1'}, Tag{name='workloadType', value='OPERATIONAL'}]}, electionId=null, setVersion=1, topologyVersion=TopologyVersion{processId=68272e8b02ea8e3ff2128b0e, counter=4}, lastWriteDate=Sat May 17 14:41:41 IST 2025, lastUpdateTimeNanos=446521357397625}
2025-05-17T14:41:41.103+05:30  INFO 7509 --- [PafBackend] [ngodb.net:27017] org.mongodb.driver.cluster               : Discovered replica set primary ac-dbwj46r-shard-00-01.6f2l0rg.mongodb.net:27017 with max election id 7fffffff0000000000000027 and max set version 1
2025-05-17T14:41:41.117+05:30  INFO 7509 --- [PafBackend] [ngodb.net:27017] org.mongodb.driver.cluster               : Monitor thread successfully connected to server with description ServerDescription{address=ac-dbwj46r-shard-00-02.6f2l0rg.mongodb.net:27017, type=REPLICA_SET_SECONDARY, cryptd=false, state=CONNECTED, ok=true, minWireVersion=0, maxWireVersion=25, maxDocumentSize=16777216, logicalSessionTimeoutMinutes=30, roundTripTimeNanos=403758500, minRoundTripTimeNanos=0, setName='atlas-8k1nl7-shard-0', canonicalAddress=ac-dbwj46r-shard-00-02.6f2l0rg.mongodb.net:27017, hosts=[ac-dbwj46r-shard-00-01.6f2l0rg.mongodb.net:27017, ac-dbwj46r-shard-00-02.6f2l0rg.mongodb.net:27017, ac-dbwj46r-shard-00-00.6f2l0rg.mongodb.net:27017], passives=[], arbiters=[], primary='ac-dbwj46r-shard-00-01.6f2l0rg.mongodb.net:27017', tagSet=TagSet{[Tag{name='availabilityZone', value='aps1-az2'}, Tag{name='diskState', value='READY'}, Tag{name='nodeType', value='ELECTABLE'}, Tag{name='provider', value='AWS'}, Tag{name='region', value='AP_SOUTH_1'}, Tag{name='workloadType', value='OPERATIONAL'}]}, electionId=null, setVersion=1, topologyVersion=TopologyVersion{processId=68273141018f36282ff428ed, counter=3}, lastWriteDate=Sat May 17 14:41:41 IST 2025, lastUpdateTimeNanos=446521374736541}
2025-05-17T14:41:41.198+05:30 DEBUG 7509 --- [PafBackend] [           main] s.w.s.m.m.a.RequestMappingHandlerAdapter : ControllerAdvice beans: 0 @ModelAttribute, 0 @InitBinder, 1 RequestBodyAdvice, 1 ResponseBodyAdvice
2025-05-17T14:41:41.219+05:30 DEBUG 7509 --- [PafBackend] [           main] .m.m.a.ExceptionHandlerExceptionResolver : ControllerAdvice beans: 0 @ExceptionHandler, 1 ResponseBodyAdvice
2025-05-17T14:41:41.296+05:30  INFO 7509 --- [PafBackend] [           main] c.e.p.PafBackendApplicationTests         : Started PafBackendApplicationTests in 1.621 seconds (process running for 1.962)
]]></system-out>
  </testcase>
</testsuite>